androidApp/build/intermediates/manifest_merge_blame_file/prodDebug/processProdDebugMainManifest/manifest-merger-blame-prod-debug-report.txt
1<?xml version="1.0" encoding="utf-8"?>
2<manifest xmlns:android="http://schemas.android.com/apk/res/android"
3    package="com.royalenfield.provisioning.debug"
4    android:versionCode="1"
5    android:versionName="1.0" >
6
7    <uses-sdk
8        android:minSdkVersion="26"
9        android:targetSdkVersion="34" />
10
11    <uses-permission android:name="android.permission.INTERNET" />
11-->src\main\AndroidManifest.xml:4:5-67
11-->src\main\AndroidManifest.xml:4:22-64
12    <uses-permission android:name="android.permission.ACCESS_NETWORK_STATE" />
12-->src\main\AndroidManifest.xml:5:5-79
12-->src\main\AndroidManifest.xml:5:22-76
13    <uses-permission android:name="android.permission.ACCESS_WIFI_STATE" />
13-->src\main\AndroidManifest.xml:6:5-76
13-->src\main\AndroidManifest.xml:6:22-73
14    <uses-permission android:name="android.permission.CHANGE_WIFI_STATE" />
14-->src\main\AndroidManifest.xml:7:5-76
14-->src\main\AndroidManifest.xml:7:22-73
15    <uses-permission android:name="android.permission.ACCESS_FINE_LOCATION" />
15-->src\main\AndroidManifest.xml:8:5-79
15-->src\main\AndroidManifest.xml:8:22-76
16    <uses-permission android:name="android.permission.ACCESS_COARSE_LOCATION" />
16-->src\main\AndroidManifest.xml:9:5-81
16-->src\main\AndroidManifest.xml:9:22-78
17    <uses-permission android:name="android.permission.CHANGE_NETWORK_STATE" />
17-->src\main\AndroidManifest.xml:10:5-79
17-->src\main\AndroidManifest.xml:10:22-76
18
19    <permission
19-->[androidx.core:core:1.13.0] AndroidManifest.xml:22:5-24:47
20        android:name="com.royalenfield.provisioning.debug.DYNAMIC_RECEIVER_NOT_EXPORTED_PERMISSION"
20-->[androidx.core:core:1.13.0] AndroidManifest.xml:23:9-81
21        android:protectionLevel="signature" />
21-->[androidx.core:core:1.13.0] AndroidManifest.xml:24:9-44
22
23    <uses-permission android:name="com.royalenfield.provisioning.debug.DYNAMIC_RECEIVER_NOT_EXPORTED_PERMISSION" />
23-->[androidx.core:core:1.13.0] AndroidManifest.xml:26:5-97
23-->[androidx.core:core:1.13.0] AndroidManifest.xml:26:22-94
24
25    <application
26        android:name="com.royalenfield.provisioning.app.FfMechanicApp"
26-->src\main\AndroidManifest.xml:13:9-42
27        android:allowBackup="true"
27-->src\main\AndroidManifest.xml:14:9-35
28        android:appComponentFactory="androidx.core.app.CoreComponentFactory"
28-->[androidx.core:core:1.13.0] AndroidManifest.xml:28:18-86
29        android:debuggable="true"
30        android:extractNativeLibs="false"
31        android:icon="@android:drawable/sym_def_app_icon"
31-->src\main\AndroidManifest.xml:15:9-58
32        android:label="Royal Enfield FF Mechanic"
32-->src\main\AndroidManifest.xml:16:9-35
33        android:roundIcon="@android:drawable/sym_def_app_icon"
33-->src\main\AndroidManifest.xml:17:9-63
34        android:supportsRtl="true"
34-->src\main\AndroidManifest.xml:18:9-35
35        android:testOnly="true"
36        android:theme="@android:style/Theme.Material.Light.NoActionBar"
36-->src\main\AndroidManifest.xml:19:9-72
37        android:usesCleartextTraffic="false" >
37-->src\main\AndroidManifest.xml:20:9-63
38        <activity
38-->src\main\AndroidManifest.xml:21:9-30:20
39            android:name="com.royalenfield.provisioning.app.MainActivity"
39-->src\main\AndroidManifest.xml:22:13-45
40            android:configChanges="orientation|screenSize|screenLayout|keyboardHidden"
40-->src\main\AndroidManifest.xml:25:13-87
41            android:exported="true"
41-->src\main\AndroidManifest.xml:23:13-36
42            android:windowSoftInputMode="adjustResize" >
42-->src\main\AndroidManifest.xml:24:13-55
43            <intent-filter>
43-->src\main\AndroidManifest.xml:26:13-29:29
44                <action android:name="android.intent.action.MAIN" />
44-->src\main\AndroidManifest.xml:27:17-69
44-->src\main\AndroidManifest.xml:27:25-66
45
46                <category android:name="android.intent.category.LAUNCHER" />
46-->src\main\AndroidManifest.xml:28:17-77
46-->src\main\AndroidManifest.xml:28:27-74
47            </intent-filter>
48        </activity>
49
50        <provider
50-->[androidx.emoji2:emoji2:1.3.0] AndroidManifest.xml:24:9-32:20
51            android:name="androidx.startup.InitializationProvider"
51-->[androidx.emoji2:emoji2:1.3.0] AndroidManifest.xml:25:13-67
52            android:authorities="com.royalenfield.provisioning.debug.androidx-startup"
52-->[androidx.emoji2:emoji2:1.3.0] AndroidManifest.xml:26:13-68
53            android:exported="false" >
53-->[androidx.emoji2:emoji2:1.3.0] AndroidManifest.xml:27:13-37
54            <meta-data
54-->[androidx.emoji2:emoji2:1.3.0] AndroidManifest.xml:29:13-31:52
55                android:name="androidx.emoji2.text.EmojiCompatInitializer"
55-->[androidx.emoji2:emoji2:1.3.0] AndroidManifest.xml:30:17-75
56                android:value="androidx.startup" />
56-->[androidx.emoji2:emoji2:1.3.0] AndroidManifest.xml:31:17-49
57            <meta-data
57-->[androidx.lifecycle:lifecycle-process:2.7.0] AndroidManifest.xml:29:13-31:52
58                android:name="androidx.lifecycle.ProcessLifecycleInitializer"
58-->[androidx.lifecycle:lifecycle-process:2.7.0] AndroidManifest.xml:30:17-78
59                android:value="androidx.startup" />
59-->[androidx.lifecycle:lifecycle-process:2.7.0] AndroidManifest.xml:31:17-49
60            <meta-data
60-->[androidx.profileinstaller:profileinstaller:1.3.1] AndroidManifest.xml:29:13-31:52
61                android:name="androidx.profileinstaller.ProfileInstallerInitializer"
61-->[androidx.profileinstaller:profileinstaller:1.3.1] AndroidManifest.xml:30:17-85
62                android:value="androidx.startup" />
62-->[androidx.profileinstaller:profileinstaller:1.3.1] AndroidManifest.xml:31:17-49
63        </provider>
64
65        <receiver
65-->[androidx.profileinstaller:profileinstaller:1.3.1] AndroidManifest.xml:34:9-52:20
66            android:name="androidx.profileinstaller.ProfileInstallReceiver"
66-->[androidx.profileinstaller:profileinstaller:1.3.1] AndroidManifest.xml:35:13-76
67            android:directBootAware="false"
67-->[androidx.profileinstaller:profileinstaller:1.3.1] AndroidManifest.xml:36:13-44
68            android:enabled="true"
68-->[androidx.profileinstaller:profileinstaller:1.3.1] AndroidManifest.xml:37:13-35
69            android:exported="true"
69-->[androidx.profileinstaller:profileinstaller:1.3.1] AndroidManifest.xml:38:13-36
70            android:permission="android.permission.DUMP" >
70-->[androidx.profileinstaller:profileinstaller:1.3.1] AndroidManifest.xml:39:13-57
71            <intent-filter>
71-->[androidx.profileinstaller:profileinstaller:1.3.1] AndroidManifest.xml:40:13-42:29
72                <action android:name="androidx.profileinstaller.action.INSTALL_PROFILE" />
72-->[androidx.profileinstaller:profileinstaller:1.3.1] AndroidManifest.xml:41:17-91
72-->[androidx.profileinstaller:profileinstaller:1.3.1] AndroidManifest.xml:41:25-88
73            </intent-filter>
74            <intent-filter>
74-->[androidx.profileinstaller:profileinstaller:1.3.1] AndroidManifest.xml:43:13-45:29
75                <action android:name="androidx.profileinstaller.action.SKIP_FILE" />
75-->[androidx.profileinstaller:profileinstaller:1.3.1] AndroidManifest.xml:44:17-85
75-->[androidx.profileinstaller:profileinstaller:1.3.1] AndroidManifest.xml:44:25-82
76            </intent-filter>
77            <intent-filter>
77-->[androidx.profileinstaller:profileinstaller:1.3.1] AndroidManifest.xml:46:13-48:29
78                <action android:name="androidx.profileinstaller.action.SAVE_PROFILE" />
78-->[androidx.profileinstaller:profileinstaller:1.3.1] AndroidManifest.xml:47:17-88
78-->[androidx.profileinstaller:profileinstaller:1.3.1] AndroidManifest.xml:47:25-85
79            </intent-filter>
80            <intent-filter>
80-->[androidx.profileinstaller:profileinstaller:1.3.1] AndroidManifest.xml:49:13-51:29
81                <action android:name="androidx.profileinstaller.action.BENCHMARK_OPERATION" />
81-->[androidx.profileinstaller:profileinstaller:1.3.1] AndroidManifest.xml:50:17-95
81-->[androidx.profileinstaller:profileinstaller:1.3.1] AndroidManifest.xml:50:25-92
82            </intent-filter>
83        </receiver>
84    </application>
85
86</manifest>